<?xml version="1.0" encoding="UTF-8"?>
<!-- Generated by org.testng.reporters.JUnitReportReporter -->
<testsuite skipped="0" hostname="L30077WIN" name="com.webdriver.compositeactions.CompositeActions" tests="1" failures="0" timestamp="29 Apr 2018 06:22:04 GMT" time="109.393" errors="0">
  <testcase name="feature" time="109.393" classname="com.webdriver.compositeactions.CompositeActions"/>
</testsuite> <!-- com.webdriver.compositeactions.CompositeActions -->
