<?xml version="1.0" encoding="UTF-8"?>
<!-- Generated by org.testng.reporters.JUnitReportReporter -->
<testsuite skipped="0" hostname="L30077WIN" name="com.webdriver.datadriven.DataDrivenRunner" tests="1" failures="0" timestamp="13 May 2018 17:57:52 GMT" time="80.241" errors="0">
  <testcase name="feature" time="80.241" classname="com.webdriver.datadriven.DataDrivenRunner"/>
</testsuite> <!-- com.webdriver.datadriven.DataDrivenRunner -->
