<?xml version="1.0" encoding="UTF-8"?>
<!-- Generated by org.testng.reporters.JUnitReportReporter -->
<testsuite skipped="0" hostname="L30077WIN" name="com.webdriver.browserfunction.BrowserFunctionRunner" tests="1" failures="0" timestamp="26 Jan 2018 07:14:09 GMT" time="35.343" errors="0">
  <testcase name="feature" time="35.343" classname="com.webdriver.browserfunction.BrowserFunctionRunner"/>
</testsuite> <!-- com.webdriver.browserfunction.BrowserFunctionRunner -->
