<?xml version="1.0" encoding="UTF-8"?>
<!-- Generated by org.testng.reporters.JUnitReportReporter -->
<testsuite skipped="0" hostname="L30077WIN" name="com.webdriver.webelementfunction.WebelementFunctionRunner" tests="1" failures="0" timestamp="27 May 2018 08:06:29 GMT" time="50.350" errors="0">
  <testcase name="feature" time="50.350" classname="com.webdriver.webelementfunction.WebelementFunctionRunner"/>
</testsuite> <!-- com.webdriver.webelementfunction.WebelementFunctionRunner -->
