<?xml version="1.0" encoding="UTF-8"?>
<!-- Generated by org.testng.reporters.JUnitReportReporter -->
<testsuite skipped="0" hostname="L30077WIN" name="com.webdriver.wait.WebdriverWaitFunctionRunner" tests="1" failures="0" timestamp="24 Feb 2018 08:07:29 GMT" time="60.326" errors="0">
  <testcase name="feature" time="60.326" classname="com.webdriver.wait.WebdriverWaitFunctionRunner"/>
</testsuite> <!-- com.webdriver.wait.WebdriverWaitFunctionRunner -->
