<?xml version="1.0" encoding="UTF-8"?>
<!-- Generated by org.testng.reporters.JUnitReportReporter -->
<testsuite skipped="0" hostname="L30077WIN" name="com.webdriver.webelementfunction.WebelementFunctionRunner" tests="1" failures="0" timestamp="04 Feb 2018 09:22:26 GMT" time="44.640" errors="0">
  <testcase name="feature" time="44.640" classname="com.webdriver.webelementfunction.WebelementFunctionRunner"/>
</testsuite> <!-- com.webdriver.webelementfunction.WebelementFunctionRunner -->
