<?xml version="1.0" encoding="UTF-8"?>
<!-- Generated by org.testng.reporters.JUnitReportReporter -->
<testsuite skipped="0" hostname="L30077WIN" name="com.webdriver.alerts.AlertsRunner" tests="1" failures="0" timestamp="14 Apr 2018 06:48:10 GMT" time="49.920" errors="0">
  <testcase name="feature" time="49.920" classname="com.webdriver.alerts.AlertsRunner"/>
</testsuite> <!-- com.webdriver.alerts.AlertsRunner -->
