<?xml version="1.0" encoding="UTF-8"?>
<!-- Generated by org.testng.reporters.JUnitReportReporter -->
<testsuite skipped="0" hostname="L30077WIN" name="com.webdriver.browserfunction.BrowserQuitRunner" tests="1" failures="0" timestamp="21 Jan 2018 06:52:21 GMT" time="20.299" errors="0">
  <testcase name="feature" time="20.299" classname="com.webdriver.browserfunction.BrowserQuitRunner"/>
</testsuite> <!-- com.webdriver.browserfunction.BrowserQuitRunner -->
