<?xml version="1.0" encoding="UTF-8"?>
<!-- Generated by org.testng.reporters.JUnitReportReporter -->
<testsuite skipped="0" hostname="L30077WIN" name="com.webdriver.page.BugCreationRunner" tests="1" failures="0" timestamp="06 May 2018 07:43:54 GMT" time="29.038" errors="0">
  <testcase name="feature" time="29.038" classname="com.webdriver.page.BugCreationRunner"/>
</testsuite> <!-- com.webdriver.page.BugCreationRunner -->
