<?xml version="1.0" encoding="UTF-8"?>
<!-- Generated by org.testng.reporters.JUnitReportReporter -->
<testsuite skipped="0" hostname="L30077WIN" name="com.webdriver.browserfunction.BrowserFunctionRunner" tests="1" failures="0" timestamp="04 Feb 2018 07:55:00 GMT" time="17.684" errors="0">
  <testcase name="feature" time="17.684" classname="com.webdriver.browserfunction.BrowserFunctionRunner"/>
</testsuite> <!-- com.webdriver.browserfunction.BrowserFunctionRunner -->
