<?xml version="1.0" encoding="UTF-8"?>
<!-- Generated by org.testng.reporters.JUnitReportReporter -->
<testsuite skipped="0" hostname="L30077WIN" name="com.webdriver.browserfunction.BrowserFunctionRunner" tests="1" failures="0" timestamp="28 Jan 2018 08:32:43 GMT" time="49.411" errors="0">
  <testcase name="feature" time="49.411" classname="com.webdriver.browserfunction.BrowserFunctionRunner"/>
</testsuite> <!-- com.webdriver.browserfunction.BrowserFunctionRunner -->
