<?xml version="1.0" encoding="UTF-8"?>
<!-- Generated by org.testng.reporters.JUnitReportReporter -->
<testsuite skipped="0" hostname="L30077WIN" name="com.webdriver.webelementfunction.WebelementFunctionRunner" tests="1" failures="0" timestamp="10 Feb 2018 11:42:59 GMT" time="102.686" errors="0">
  <testcase name="feature" time="102.686" classname="com.webdriver.webelementfunction.WebelementFunctionRunner"/>
</testsuite> <!-- com.webdriver.webelementfunction.WebelementFunctionRunner -->
