<?xml version="1.0" encoding="UTF-8"?>
<!-- Generated by org.testng.reporters.JUnitReportReporter -->
<testsuite skipped="0" hostname="L30077WIN" name="com.webdriver.WebdriverWaitFunctionRunner" tests="1" failures="0" timestamp="19 May 2018 05:06:04 GMT" time="29.976" errors="0">
  <testcase name="feature" time="29.976" classname="com.webdriver.WebdriverWaitFunctionRunner"/>
</testsuite> <!-- com.webdriver.WebdriverWaitFunctionRunner -->
