<?xml version="1.0" encoding="UTF-8"?>
<!-- Generated by org.testng.reporters.JUnitReportReporter -->
<testsuite skipped="0" hostname="L30077WIN" name="com.webdriver.datadriven.DataDrivenRunner" tests="1" failures="0" timestamp="13 May 2018 10:05:22 GMT" time="67.704" errors="0">
  <testcase name="feature" time="67.704" classname="com.webdriver.datadriven.DataDrivenRunner"/>
</testsuite> <!-- com.webdriver.datadriven.DataDrivenRunner -->
