<?xml version="1.0" encoding="UTF-8"?>
<!-- Generated by org.testng.reporters.JUnitReportReporter -->
<testsuite skipped="0" hostname="L30077WIN" name="com.webdriver.wait.WebdriverWaitFunctionRunner" tests="1" failures="0" timestamp="22 Apr 2018 14:08:23 GMT" time="24.199" errors="0">
  <testcase name="feature" time="24.199" classname="com.webdriver.wait.WebdriverWaitFunctionRunner"/>
</testsuite> <!-- com.webdriver.wait.WebdriverWaitFunctionRunner -->
