<?xml version="1.0" encoding="UTF-8"?>
<!-- Generated by org.testng.reporters.JUnitReportReporter -->
<testsuite skipped="0" hostname="L30077WIN" name="com.webdriver.iframes.IframesRunner" tests="1" failures="0" timestamp="10 Mar 2018 07:36:33 GMT" time="17.111" errors="0">
  <testcase name="feature" time="17.111" classname="com.webdriver.iframes.IframesRunner"/>
</testsuite> <!-- com.webdriver.iframes.IframesRunner -->
