<?xml version="1.0" encoding="UTF-8"?>
<!-- Generated by org.testng.reporters.JUnitReportReporter -->
<testsuite skipped="0" hostname="L30077WIN" name="com.webdriver.alerts.AlertsRunner" tests="1" failures="0" timestamp="10 Mar 2018 08:52:37 GMT" time="29.861" errors="0">
  <testcase name="feature" time="29.861" classname="com.webdriver.alerts.AlertsRunner"/>
</testsuite> <!-- com.webdriver.alerts.AlertsRunner -->
