<?xml version="1.0" encoding="UTF-8"?>
<!-- Generated by org.testng.reporters.JUnitReportReporter -->
<testsuite skipped="0" hostname="L30077WIN" name="com.webdriver.iframes.IframesRunner" tests="1" failures="0" timestamp="04 Mar 2018 09:09:29 GMT" time="16.033" errors="0">
  <testcase name="feature" time="16.033" classname="com.webdriver.iframes.IframesRunner"/>
</testsuite> <!-- com.webdriver.iframes.IframesRunner -->
