<?xml version="1.0" encoding="UTF-8"?>
<!-- Generated by org.testng.reporters.JUnitReportReporter -->
<testsuite skipped="0" hostname="L30077WIN" name="com.webdriver.webelementfunction.WebelementFunctionRunner" tests="1" failures="0" timestamp="15 Apr 2018 08:28:02 GMT" time="61.059" errors="0">
  <testcase name="feature" time="61.059" classname="com.webdriver.webelementfunction.WebelementFunctionRunner"/>
</testsuite> <!-- com.webdriver.webelementfunction.WebelementFunctionRunner -->
