<?xml version="1.0" encoding="UTF-8"?>
<!-- Generated by org.testng.reporters.JUnitReportReporter -->
<testsuite skipped="0" hostname="L30077WIN" name="com.webdriver.page.BugCreationRunner" tests="1" failures="0" timestamp="05 May 2018 12:34:54 GMT" time="21.812" errors="0">
  <testcase name="feature" time="21.812" classname="com.webdriver.page.BugCreationRunner"/>
</testsuite> <!-- com.webdriver.page.BugCreationRunner -->
