<?xml version="1.0" encoding="UTF-8"?>
<!-- Generated by org.testng.reporters.JUnitReportReporter -->
<testsuite skipped="0" hostname="L30077WIN" name="com.webdriver.wait.WebdriverWaitFunctionRunner" tests="1" failures="0" timestamp="20 May 2018 04:27:59 GMT" time="35.086" errors="0">
  <testcase name="feature" time="35.086" classname="com.webdriver.wait.WebdriverWaitFunctionRunner"/>
</testsuite> <!-- com.webdriver.wait.WebdriverWaitFunctionRunner -->
