<?xml version="1.0" encoding="UTF-8"?>
<!-- Generated by org.testng.reporters.JUnitReportReporter -->
<testsuite skipped="0" hostname="L30077WIN" name="com.webdriver.compositeactions.CompositeActions" tests="1" failures="0" timestamp="15 Apr 2018 07:11:33 GMT" time="40.945" errors="0">
  <testcase name="feature" time="40.945" classname="com.webdriver.compositeactions.CompositeActions"/>
</testsuite> <!-- com.webdriver.compositeactions.CompositeActions -->
